2023-08-06 01:30:02.139339 - Initialized conversion of CBT165
2023-08-06 01:30:02.334069 - Received CBT.V505.FILE165.PDS from FILE165.XMI 
2023-08-06 01:30:02.336484 - Found $$$$$DOC.txt (text/plain) in CBT.V505.FILE165.PDS, moved to PDS/$$$$$DOC
2023-08-06 01:30:02.337485 - Found $$$#DATE.txt (text/plain) in CBT.V505.FILE165.PDS, moved to PDS/$$$#DATE
2023-08-06 01:30:02.338607 - Found $$COPYRT.txt (text/plain) in CBT.V505.FILE165.PDS, moved to PDS/$$COPYRT
2023-08-06 01:30:02.339615 - Found $$NOTICE.txt (text/plain) in CBT.V505.FILE165.PDS, moved to PDS/$$NOTICE
2023-08-06 01:30:02.340579 - Found $ASMLINK.jcl (text/plain) in CBT.V505.FILE165.PDS, moved to PDS/$ASMLINK
2023-08-06 01:30:02.341466 - Found $PARMS.txt (text/plain) in CBT.V505.FILE165.PDS, moved to PDS/$PARMS
2023-08-06 01:30:02.342388 - Found #JYRINIT.txt (text/plain) in CBT.V505.FILE165.PDS, moved to PDS/#JYRINIT
2023-08-06 01:30:02.343386 - Found #JYRPROF.txt (text/plain) in CBT.V505.FILE165.PDS, moved to PDS/#JYRPROF
2023-08-06 01:30:02.344264 - Found #JYRUIDS.txt (text/plain) in CBT.V505.FILE165.PDS, moved to PDS/#JYRUIDS
2023-08-06 01:30:02.345130 - Found @FILE165.txt (text/plain) in CBT.V505.FILE165.PDS, moved to PDS/@FILE165
2023-08-06 01:30:02.345988 - Found CJYPCBLK.txt (text/plain) in CBT.V505.FILE165.PDS, moved to PDS/CJYPCBLK
2023-08-06 01:30:02.346975 - Found CJYPDATA.txt (text/plain) in CBT.V505.FILE165.PDS, moved to PDS/CJYPDATA
2023-08-06 01:30:02.347992 - Found CJYRCVT.txt (text/plain) in CBT.V505.FILE165.PDS, moved to PDS/CJYRCVT
2023-08-06 01:30:02.348884 - Found CJYRCVTD.txt (text/plain) in CBT.V505.FILE165.PDS, moved to PDS/CJYRCVTD
2023-08-06 01:30:02.349922 - Found CJYRINIT.txt (text/plain) in CBT.V505.FILE165.PDS, moved to PDS/CJYRINIT
2023-08-06 01:30:02.350913 - Found CJYRPROF.txt (text/plain) in CBT.V505.FILE165.PDS, moved to PDS/CJYRPROF
2023-08-06 01:30:02.351937 - Found CJYRSVCS.txt (text/plain) in CBT.V505.FILE165.PDS, moved to PDS/CJYRSVCS
2023-08-06 01:30:02.352853 - Found CJYRUIDS.txt (text/plain) in CBT.V505.FILE165.PDS, moved to PDS/CJYRUIDS
2023-08-06 01:30:02.353755 - Found CJYUCBLK.txt (text/plain) in CBT.V505.FILE165.PDS, moved to PDS/CJYUCBLK
2023-08-06 01:30:02.354840 - Found CJYUDATA.txt (text/plain) in CBT.V505.FILE165.PDS, moved to PDS/CJYUDATA
2023-08-06 01:30:02.355716 - Found DFHPCT.txt (text/plain) in CBT.V505.FILE165.PDS, moved to PDS/DFHPCT
2023-08-06 01:30:02.356555 - Found DFHSIT.txt (text/plain) in CBT.V505.FILE165.PDS, moved to PDS/DFHSIT
2023-08-06 01:30:02.357517 - Found DFHSNT.txt (text/plain) in CBT.V505.FILE165.PDS, moved to PDS/DFHSNT
2023-08-06 01:30:02.358469 - Found ICHRTX00.txt (text/plain) in CBT.V505.FILE165.PDS, moved to PDS/ICHRTX00
2023-08-06 01:30:02.359338 - Found IEACMD00.txt (text/plain) in CBT.V505.FILE165.PDS, moved to PDS/IEACMD00
2023-08-06 01:30:02.360209 - Found IEFSSN00.txt (text/plain) in CBT.V505.FILE165.PDS, moved to PDS/IEFSSN00
2023-08-06 01:30:02.361119 - Found IGC0013A.txt (text/plain) in CBT.V505.FILE165.PDS, moved to PDS/IGC0013A
2023-08-06 01:30:02.362006 - Found IGC0013C.txt (text/plain) in CBT.V505.FILE165.PDS, moved to PDS/IGC0013C
2023-08-06 01:30:02.363018 - Found IGC00130.txt (text/plain) in CBT.V505.FILE165.PDS, moved to PDS/IGC00130
2023-08-06 01:30:02.363905 - Found RLINK.jcl (text/plain) in CBT.V505.FILE165.PDS, moved to PDS/RLINK
